(goals
(goal
  (p 100000000000000000000000000000000000000000000000
     100000000000000000000000000000000000000000000000)
  (p 100000000000000000000000000000000000000000000001
     100000000000000000000000000000000000000000000000)
  (p 100000000000000000000000000000000000000000000001
     100000000000000000000000000000000000000000000001)
  (p 100000000000000000000000000000000000000000000002
     100000000000000000000000000000000000000000000000)
  (p 100000000000000000000000000000000000000000000002
     100000000000000000000000000000000000000000000001)
  (p 100000000000000000000000000000000000000000000002
     100000000000000000000000000000000000000000000002)
  (p 100000000000000000000000000000000000000000000003
     100000000000000000000000000000000000000000000000)
  (p 100000000000000000000000000000000000000000000003
     100000000000000000000000000000000000000000000001)
  (p 100000000000000000000000000000000000000000000003
     100000000000000000000000000000000000000000000002)
  (p 100000000000000000000000000000000000000000000003
     100000000000000000000000000000000000000000000003)
  :precision precise :depth 11)
)
