(goals
(goal
  (not (<= x k!0))
  (not (<= (* x x) k!0))
  (= y k!1)
  (= y (+ (- 1.0) k!2))
  (or (not (>= y (- 1.0)))
      (not (<= y 1.0))
      (and (= y (sin k!0))
           (>= k!0 (* (- (/ 1.0 2.0)) pi))
           (<= k!0 (* (/ 1.0 2.0) pi))))
  (or (>= y (- 1.0)) (= k!0 (asin-u y)))
  (or (<= y 1.0) (= k!0 (asin-u y)))
  (or (not (>= x (- 1.0)))
      (not (<= x 1.0))
      (and (= x (cos k!1)) (>= k!1 0.0) (<= k!1 pi)))
  (or (>= x (- 1.0)) (= k!1 (acos-u x)))
  (or (<= x 1.0) (= k!1 (acos-u x)))
  (= x (tan k!2))
  (not (<= k!2 (* (- (/ 1.0 2.0)) pi)))
  (not (<= (* (/ 1.0 2.0) pi) k!2))
  :precision precise :depth 6)
)
(goals
(goal
  (not (<= x k!3))
  (not (<= (* x x) k!3))
  (= y k!4)
  (= y (+ (- 1.0) k!5))
  (or (not (>= y (- 1.0)))
      (not (<= y 1.0))
      (and (= y (sin k!3))
           (>= k!3 (* (- (/ 1.0 2.0)) pi))
           (<= k!3 (* (/ 1.0 2.0) pi))))
  (or (not (>= x (- 1.0)))
      (not (<= x 1.0))
      (and (= x (cos k!4)) (>= k!4 0.0) (<= k!4 pi)))
  (= x (tan k!5))
  (not (<= k!5 (* (- (/ 1.0 2.0)) pi)))
  (not (<= (* (/ 1.0 2.0) pi) k!5))
  :precision precise :depth 6)
)
