(goals
(goal
  (<= a1 3)
  (<= a3 (- 4))
  (<= a4 4)
  :precision precise :depth 3)
)
(extension-model-converter
  (a2 0))
(goals
(goal
  (<= (+ a1 (* (- 1) a2)) 3)
  (<= 4 (+ a2 (* (- 1) a3)))
  (<= (+ a4 (* (- 1) a2)) 4)
  (<= a4 0)
  :precision precise :depth 2)
)
(goals
(goal
  (>= (f 2) 0)
  (<= (+ (f 2) (* (- 1) a3)) 3)
  (>= a3 0)
  (let ((a!1 (f (f (+ (- 3) (f 2))))))
    (= (+ a!1 (* (- 1) (f 2))) 0))
  (let ((a!1 (+ (f 2) (* (- 1) (f (f 2))))))
    (<= a!1 5))
  :precision precise :depth 3)
)
(concat-model-converter
(extension-model-converter
  (a2 (+ (- 3) (f (+ 2 a1)))))
(extension-model-converter
  (a1 0))
)
(goals
(goal
  (let ((a!1 (+ a1 (* (- 1) (f (+ 2 a1))))))
    (<= a!1 0))
  (<= (+ (f (+ 2 a1)) (* (- 1) a3)) 3)
  (<= (+ a1 (* (- 1) a3)) 0)
  (let ((a!1 (f (+ (- 3) (f (+ 2 a1))))))
  (let ((a!2 (+ (f a!1) (* (- 1) (f (+ 2 a1))))))
    (= a!2 0)))
  (let ((a!1 (* (- 1) (f (f (+ 2 a1))))))
    (<= (+ (f (+ 2 a1)) a!1) 5))
  (let ((a!1 (+ (f 10) (* (- 1) (f (+ 2 a1))))))
    (= a!1 (- 3)))
  :precision precise :depth 2)
)
(extension-model-converter
  (a2 (+ (- 3) (f (+ 2 a1)))))
(goals
(goal
  (let ((a!1 (+ a1 (* (- 1) (f (+ 2 a1))))))
    (<= a!1 0))
  (<= (+ (f (+ 2 a1)) (* (- 1) a3)) 3)
  (<= (+ a1 (* (- 1) a3)) 0)
  (let ((a!1 (f (+ (- 3) (f (+ 2 a1))))))
  (let ((a!2 (+ (f a!1) (* (- 1) (f (+ 2 a1))))))
    (= a!2 0)))
  (let ((a!1 (* (- 1) (f (f (+ 2 a1))))))
    (<= (+ (f (+ 2 a1)) a!1) 5))
  (= (f a1) 0)
  :precision precise :depth 2)
)
(extension-model-converter
  (a2 (+ (- 3) (f (+ 2 a1)))))
(goals
(goal
  (>= (f 2) 0)
  (<= (+ (f 2) (* (- 1) a3)) 3)
  (>= a3 0)
  (let ((a!1 (f (f (+ (- 3) (f 2))))))
    (= (+ a!1 (* (- 1) (f 2))) 0))
  (let ((a!1 (+ (f 2) (* (- 1) (f (f 2))))))
    (<= a!1 5))
  (let ((a!1 (* (- 1) (f (+ (- 3) (f 2))))))
    (= (+ (f 0) a!1) 0))
  :precision precise :depth 3)
)
(concat-model-converter
(extension-model-converter
  (a2 (+ (- 3) (f (+ 2 a1)))))
(extension-model-converter
  (a1 0))
)
(goals
(goal
  (<= a1 3.0)
  (<= a3 (- 4.0))
  (<= a4 4.0)
  :precision precise :depth 3)
)
(extension-model-converter
  (a2 0.0))
