(goals
(goal
  (>= a1 0)
  (or p1 p2)
  (or p1 (>= a1 1))
  (or p2 p1 k!0 (>= a1 2))
  (or k!1 k!2 (>= a1 4))
  (or (not p2) p1 k!0 (>= a1 2))
  (or (not p2) p1 (not k!0) (not (>= a1 2)))
  (or (not p2) p1 (not k!0) k!3 (not (>= a1 2)))
  (or (not p2) p1 k!0 (not k!3) (>= a1 2))
  (or (not p2) p1 k!0 k!3 (>= a1 2))
  (or (not k!0) (>= a1 3))
  (or (not k!1) (>= a1 5))
  (or (not k!2) (>= a1 6))
  (or k!0 (not (>= a1 3)))
  (or (not k!3) (>= a1 10))
  (or k!3 (not (>= a1 10)))
  :precision precise :depth 1)
)
