(goals
(goal
  (= k!0 z)
  (or (= y 0.0) (= (* k!0 y) x))
  (or (not (= y 0.0)) (= k!0 (/0 x)))
  :precision precise :depth 4)
)
(goals
(goal
  (= k!1 z)
  (or (= y 0.0) (= (* k!1 y) x))
  :precision precise :depth 4)
)
(goals
(goal
  (= k!2 z)
  (= (^ k!3 2.0) y)
  (or (= y 0.0) (= (* k!2 y) x))
  (or (not (= y 0.0)) (= k!2 (/0 x)))
  (= x (^ k!3 3.0))
  :precision precise :depth 4)
)
(goals
(goal
  (= k!4 z)
  (= (^ k!5 2.0) y)
  (= (^ k!6 3.0) z)
  (or (= y 0.0) (= (* k!4 y) x))
  (or (not (= y 0.0)) (= k!4 (/0 x)))
  (= x (^ k!5 3.0))
  (or (not (>= x 0.0)) (and (= x (^ k!6 2.0)) (>= k!6 0.0)))
  (or (>= x 0.0) (= k!6 (neg-root x 2.0)))
  :precision precise :depth 4)
)
