(^ a 0.0)
(goals
(goal
  (= k!0 2.0)
  (forall ((x Real))
    (exists ((x!2 Real))
      (and (or (= a 0.0) (= (* a x!2) x))
           (or (not (= a 0.0)) (= x!2 (/0 x)))
           (or (not (p x!2))
               (exists ((y Real) (x!1 Real))
                 (and (or (= y 0.0) (= x!1 1.0))
                      (or (not (= y 0.0)) (= x!1 |0^0-real|))
                      (p x!1)))))))
  (p k!3)
  (or (= a 0.0) (= k!0 1.0))
  (or (not (= a 0.0)) (= k!0 |0^0-real|))
  (or (= b 0.0) (= k!3 1.0))
  (or (not (= b 0.0)) (= k!3 |0^0-real|))
  :precision precise :depth 4)
)
(goals
(goal
  (= k!4 2.0)
  (forall ((x Real))
    (exists ((x!6 Real))
      (and (or (= a 0.0) (= (* a x!6) x))
           (or (not (p x!6))
               (exists ((y Real) (x!5 Real))
                 (and (or (= y 0.0) (= x!5 1.0)) (p x!5)))))))
  (p k!7)
  (or (= a 0.0) (= k!4 1.0))
  (or (= b 0.0) (= k!7 1.0))
  :precision precise :depth 4)
)
