(/ 3.0 2.0)
3.0
(+ (* (/ 3.0 2.0) r1) (* (/ 1.0 2.0) r2))
1
2
(- 3)
1
0
(mod (+ (mod a 2) (mod b 2)) 2)
(mod (+ 1 (mod a 2) (mod b 2)) 2)
0
(mod (* 2 (mod (* (mod a 5) (mod b 5)) 5)) 5)
1
(+ (f 1)
   (+ (f 2) (+ (f 3) (+ (f 4) (+ (f 5) (+ (f 6) (+ (f 7) (+ (f 8) (f 9)))))))))
(mod (+ (mod (f 1) 3)
        (mod (+ (mod (f 2) 3)
                (mod (+ (mod (f 3) 3)
                        (mod (+ (mod (f 4) 3)
                                (mod (+ (mod (f 5) 3)
                                        (mod (+ (mod (f 6) 3)
                                                (mod (+ (mod (f 7) 3)
                                                        (mod (+ (mod (f 8) 3)
                                                                (mod (f 9) 3))
                                                             3))
                                                     3))
                                             3))
                                     3))
                             3))
                     3))
             3))
     3)
(+ (mod (f 1) 3)
   (+ (mod (f 2) 3)
      (+ (mod (f 3) 3)
         (+ (mod (f 4) 3)
            (+ (mod (f 5) 3)
               (+ (mod (f 6) 3)
                  (+ (mod (f 7) 3) (+ (mod (f 8) 3) (mod (f 9) 3)))))))))
(mod a 2)
(* (- 1) (mod a (- 2)))
(rem a b)
(+ (* (- 1) (mod (f 1) (- 3)))
   (* (- 1) (mod (f 2) (- 3)))
   (* (- 1) (mod (f 3) (- 3)))
   (* (- 1) (mod (f 4) (- 3)))
   (* (- 1) (mod (f 5) (- 3)))
   (* (- 1) (mod (f 6) (- 3)))
   (* (- 1) (mod (f 7) (- 3)))
   (* (- 1) (mod (f 8) (- 3)))
   (* (- 1) (mod (f 9) (- 3)))
   (* (- 1) (mod (f 10) (- 3)))
   (* (- 1) (mod (f 11) (- 3)))
   (* (- 1) (mod (f 12) (- 3)))
   (* (- 1) (mod (f 13) (- 3)))
   (* (- 1) (mod (f 14) (- 3)))
   (* (- 1) (mod (f 15) (- 3)))
   (* (- 1) (mod (f 16) (- 3)))
   (* (- 1) (mod (f 17) (- 3)))
   (* (- 1) (mod (f 18) (- 3)))
   (* (- 1) (mod (f 19) (- 3)))
   (* (- 1) (mod (f 20) (- 3)))
   (* (- 1) (mod (f 21) (- 3)))
   (* (- 1) (mod (f 22) (- 3)))
   (* (- 1) (mod (f 23) (- 3)))
   (* (- 1) (mod (f 24) (- 3)))
   (* (- 1) (mod (f 25) (- 3)))
   (* (- 1) (mod (f 26) (- 3)))
   (* (- 1) (mod (f 27) (- 3)))
   (* (- 1) (mod (f 28) (- 3)))
   (* (- 1) (mod (f 29) (- 3)))
   (* (- 1) (mod (f 30) (- 3)))
   (* (- 1) (mod (f 31) (- 3)))
   (* (- 1) (mod (f 32) (- 3)))
   (* (- 1) (mod (f 33) (- 3)))
   (* (- 1) (mod (f 34) (- 3)))
   (* (- 1) (mod (f 35) (- 3)))
   (* (- 1) (mod (f 36) (- 3)))
   (* (- 1) (mod (f 37) (- 3)))
   (* (- 1) (mod (f 38) (- 3)))
   (* (- 1) (mod (f 39) (- 3)))
   (* (- 1) (mod (f 40) (- 3)))
   (* (- 1) (mod (f 41) (- 3)))
   (* (- 1) (mod (f 42) (- 3)))
   (* (- 1) (mod (f 43) (- 3)))
   (* (- 1) (mod (f 44) (- 3)))
   (* (- 1) (mod (f 45) (- 3)))
   (* (- 1) (mod (f 46) (- 3)))
   (* (- 1) (mod (f 47) (- 3)))
   (* (- 1) (mod (f 48) (- 3)))
   (* (- 1) (mod (f 49) (- 3)))
   (* (- 1) (mod (f 50) (- 3)))
   (* (- 1) (mod (f 51) (- 3))))
