true
false
false
true
true
false
false
false
true
false
true
true
(not (<= b (+ (- 1) a)))
(not (<= (+ b (* (- 1) a)) (- 1)))
(not (<= b (- 1)))
(not (<= (+ b a) (- 1)))
(not (<= (+ b a) (- 1)))
(not (<= (+ a (* (- 1) b)) 1))
(not (<= (+ (* 2 a) (* (- 1) b)) 1))
(>= (+ (* 2 a) (* (- 1) b)) 1)
(>= (* 2 a) (+ 1 b))
(>= (+ (* 2 a) (* (- 2) b)) (+ (- 3) c d))
(>= (+ (* 2 a) (* (- 2) b) (* (- 1) c) (* (- 1) d)) (- 3))
(<= (+ (* 2 a) (* (- 2) b)) (+ (- 3) c d))
(<= (+ (* 2 a) (* (- 2) b) (* (- 1) c) (* (- 1) d)) (- 3))
(<= (+ (* 2 a) (* (- 2) b)) (+ 6 c d))
