0000
sat
((id_0 4))
((id_1 9))
((id_2 14))
((PLAN_QUALITY 315183895))
((PRICE_SUM 887))
11111
sat
((id_0 2))
((id_1 8))
((id_2 10))
((PLAN_QUALITY 216848353))
((PRICE_SUM 1707))
22222
sat
33333
sat
((id_0 2))
((id_1 8))
((id_2 10))
((PLAN_QUALITY 216848353))
((PRICE_SUM 1707))
44444
unsat
(error "line 62 column 17: model is not available")
(error "line 63 column 17: model is not available")
(error "line 64 column 17: model is not available")
(error "line 65 column 25: model is not available")
(error "line 66 column 22: model is not available")
The end
