(+ (* 2.0 x) (* 3.0 y) (* x y))
=======>
x1 := y
x0 := x
x2 = x0 x1
x3 = 2 x0 + 3 x1 + x2
1/1 x3

(* (/ 7.0 2.0) x y (^ (* 2.0 x) 2.0))
=======>
x1 := y
x0 := x
x2 = x0^3 x1
28/2 x2

(+ 3.0 (* (/ 3.0 2.0) x) (* (/ 1.0 3.0) y) (* (/ 1.0 6.0) z))
=======>
x2 := z
x1 := y
x0 := x
x3 = 18 + 9 x0 + 2 x1 + x2
1/6 x3

(* x z (+ (/ 3.0 2.0) x y))
=======>
x1 := z
x2 := y
x0 := x
x3 = 3 + 2 x0 + 2 x2
x4 = x0 x1 x3
1/2 x4

(* x y (^ (* x y) 2.0))
=======>
x1 := y
x0 := x
x2 = x0 x1
x3 = x0 x1 x2^2
1/1 x3

(+ 2.0 x y)
=======>
x1 := y
x0 := x
x2 = 2 + x0 + x1
1/1 x2
done
