(=> (> (f (:var 1) (:var 0)) 0)
    (and (exists ((z Int))
           (and (= (f (:var 2) z) (f (:var 1) z))
                (forall ((w Int))
                  (> (f (:var 3) w) (+ (f (:var 3) z) (f (:var 2) w))))
                (= (f (:var 2) z) 0)
                (= (f (:var 1) z) 0)))
         (= (f (:var 1) (:var 0)) 0)))
(=> (> (f (:var 5) (:var 4)) 0)
    (and (exists ((z Int))
           (and (= (f (:var 6) z) (f (:var 5) z))
                (forall ((w Int))
                  (> (f (:var 7) w) (+ (f (:var 7) z) (f (:var 6) w))))
                (= (f (:var 6) z) 0)
                (= (f (:var 5) z) 0)))
         (= (f (:var 5) (:var 4)) 0)))
(let ((a!1 (forall ((z Int))
             (let ((a!1 (exists ((w Int))
                          (> (f (f (f (:var 3) w) (:var 2)) (:var 3)) 0))))
             (let ((a!2 (or (or (or a!1 a!1) (or a!1 a!1))
                            (or (or a!1 a!1) (or a!1 a!1)))))
             (let ((a!3 (or (or (or a!2 a!2) (or a!2 a!2))
                            (or (or a!2 a!2) (or a!2 a!2)))))
             (let ((a!4 (or (or (or a!3 a!3) (or a!3 a!3))
                            (or (or a!3 a!3) (or a!3 a!3)))))
             (let ((a!5 (or (or (or a!4 a!4) (or a!4 a!4))
                            (or (or a!4 a!4) (or a!4 a!4)))))
             (let ((a!6 (or (or (or a!5 a!5) (or a!5 a!5))
                            (or (or a!5 a!5) (or a!5 a!5)))))
             (let ((a!7 (or (or (or a!6 a!6) (or a!6 a!6))
                            (or (or a!6 a!6) (or a!6 a!6)))))
             (let ((a!8 (or (or (or a!7 a!7) (or a!7 a!7))
                            (or (or a!7 a!7) (or a!7 a!7)))))
             (let ((a!9 (or (or (or a!8 a!8) (or a!8 a!8))
                            (or (or a!8 a!8) (or a!8 a!8)))))
             (let ((a!10 (or (or (or a!9 a!9) (or a!9 a!9))
                             (or (or a!9 a!9) (or a!9 a!9)))))
             (let ((a!11 (or (or (or a!10 a!10) (or a!10 a!10))
                             (or (or a!10 a!10) (or a!10 a!10)))))
               (or (= (f (:var 2) z) (f (:var 1) z))
                   (or a!11 a!11)
                   (or a!11 a!11))))))))))))))))
(let ((a!2 (and (and (and a!1 a!1) (and a!1 a!1))
                (and (and a!1 a!1) (and a!1 a!1)))))
(let ((a!3 (and (and (and a!2 a!2) (and a!2 a!2))
                (and (and a!2 a!2) (and a!2 a!2)))))
(let ((a!4 (and (and (and a!3 a!3) (and a!3 a!3))
                (and (and a!3 a!3) (and a!3 a!3)))))
(let ((a!5 (and (and (and a!4 a!4) (and a!4 a!4))
                (and (and a!4 a!4) (and a!4 a!4)))))
(let ((a!6 (and (and (and a!5 a!5) (and a!5 a!5))
                (and (and a!5 a!5) (and a!5 a!5)))))
(let ((a!7 (and (and (and a!6 a!6) (and a!6 a!6))
                (and (and a!6 a!6) (and a!6 a!6)))))
(let ((a!8 (and (and (and a!7 a!7) (and a!7 a!7))
                (and (and a!7 a!7) (and a!7 a!7)))))
(let ((a!9 (and (and (and a!8 a!8) (and a!8 a!8))
                (and (and a!8 a!8) (and a!8 a!8)))))
(let ((a!10 (and (and (and a!9 a!9) (and a!9 a!9))
                 (and (and a!9 a!9) (and a!9 a!9)))))
(let ((a!11 (and (and (and a!10 a!10) (and a!10 a!10))
                 (and (and a!10 a!10) (and a!10 a!10)))))
  (and (and a!11 a!11) (and a!11 a!11)))))))))))))
(let ((a!1 (forall ((z Int))
             (let ((a!1 (exists ((w Int))
                          (> (f (f (f (:var 5) w) (:var 4)) (:var 5)) 0))))
             (let ((a!2 (or (or (or a!1 a!1) (or a!1 a!1))
                            (or (or a!1 a!1) (or a!1 a!1)))))
             (let ((a!3 (or (or (or a!2 a!2) (or a!2 a!2))
                            (or (or a!2 a!2) (or a!2 a!2)))))
             (let ((a!4 (or (or (or a!3 a!3) (or a!3 a!3))
                            (or (or a!3 a!3) (or a!3 a!3)))))
             (let ((a!5 (or (or (or a!4 a!4) (or a!4 a!4))
                            (or (or a!4 a!4) (or a!4 a!4)))))
             (let ((a!6 (or (or (or a!5 a!5) (or a!5 a!5))
                            (or (or a!5 a!5) (or a!5 a!5)))))
             (let ((a!7 (or (or (or a!6 a!6) (or a!6 a!6))
                            (or (or a!6 a!6) (or a!6 a!6)))))
             (let ((a!8 (or (or (or a!7 a!7) (or a!7 a!7))
                            (or (or a!7 a!7) (or a!7 a!7)))))
             (let ((a!9 (or (or (or a!8 a!8) (or a!8 a!8))
                            (or (or a!8 a!8) (or a!8 a!8)))))
             (let ((a!10 (or (or (or a!9 a!9) (or a!9 a!9))
                             (or (or a!9 a!9) (or a!9 a!9)))))
             (let ((a!11 (or (or (or a!10 a!10) (or a!10 a!10))
                             (or (or a!10 a!10) (or a!10 a!10)))))
               (or (= (f (:var 4) z) (f (:var 3) z))
                   (or a!11 a!11)
                   (or a!11 a!11))))))))))))))))
(let ((a!2 (and (and (and a!1 a!1) (and a!1 a!1))
                (and (and a!1 a!1) (and a!1 a!1)))))
(let ((a!3 (and (and (and a!2 a!2) (and a!2 a!2))
                (and (and a!2 a!2) (and a!2 a!2)))))
(let ((a!4 (and (and (and a!3 a!3) (and a!3 a!3))
                (and (and a!3 a!3) (and a!3 a!3)))))
(let ((a!5 (and (and (and a!4 a!4) (and a!4 a!4))
                (and (and a!4 a!4) (and a!4 a!4)))))
(let ((a!6 (and (and (and a!5 a!5) (and a!5 a!5))
                (and (and a!5 a!5) (and a!5 a!5)))))
(let ((a!7 (and (and (and a!6 a!6) (and a!6 a!6))
                (and (and a!6 a!6) (and a!6 a!6)))))
(let ((a!8 (and (and (and a!7 a!7) (and a!7 a!7))
                (and (and a!7 a!7) (and a!7 a!7)))))
(let ((a!9 (and (and (and a!8 a!8) (and a!8 a!8))
                (and (and a!8 a!8) (and a!8 a!8)))))
(let ((a!10 (and (and (and a!9 a!9) (and a!9 a!9))
                 (and (and a!9 a!9) (and a!9 a!9)))))
(let ((a!11 (and (and (and a!10 a!10) (and a!10 a!10))
                 (and (and a!10 a!10) (and a!10 a!10)))))
  (and (and a!11 a!11) (and a!11 a!11)))))))))))))
