(* 2 (* a b c d))
(* 2 (* a (* b (* c d))))
(* a b c d)
(* a b (* c d))
(+ 2 (* 2 a) (* 2 b))
3
(- 1)
0
(+ 3 a)
(+ 3 (* 2 a))
(+ 1 a)
(+ 1 a b)
(+ 3 b (* 2 c))
(+ (* 2 a) b)
(+ (+ a b) a)
6
0
r1
(* 6 a)
(+ 2 (* 2 a) (* 2 b))
(+ 2 (* 2 a) (* 2 b))
(* 6 a)
(* 2 (* a (* 2 (* b c))))
(* 4 (* a b c))
(* 2 (* a b c d))
(* 2 (* a (* b (* c d))))
(* (+ a b) (+ c d))
(+ (* a c) (* b c) (* a d) (* b d))
(+ (* a a) (* 2 (* a b)) (* b b))
(+ (* a a a) (* 3 (* a a b)) (* 3 (* a b b)) (* b b b))
(+ (* a a a a)
   (* 4 (* a a a b))
   (* 6 (* a a b b))
   (* 4 (* a b b b))
   (* b b b b))
(+ (* 2 (* a c))
   (* a a c)
   (* a b c)
   (* 2 (* a d))
   (* a a d)
   (* a b d)
   (* 2 (* c c))
   (* a c c)
   (* b c c)
   (* 2 (* c d))
   (* a c d)
   (* b c d))
