(goals
(goal
  k!1
  k!2
  :precision precise :depth 1)
)
(concat-model-converter
(filter-model-converter k!0 k!1 k!2)
(extension-model-converter
  (x k!0)
  (y k!0)
  (c (ite k!1 0 (+ 0 (- 1))))
  (k!0 (ite k!2 0 (+ 0 1))))
)
-----
(goals
(goal
  k!1
  k!2
  :precision precise :depth 1)
)
(concat-model-converter
(filter-model-converter k!0 k!1 k!2)
(extension-model-converter
  (p false)
  (y k!0)
  (x (ite k!1 0 (+ 0 (- 1))))
  (k!0 (ite k!2 0 (+ 0 1))))
)
-----
(goals
(goal
  k!1
  k!2
  :precision precise :depth 1)
)
(concat-model-converter
(filter-model-converter k!0 k!1 k!2)
(extension-model-converter
  (p true)
  (x k!0)
  (y (ite k!1 0 (+ 0 (- 1))))
  (k!0 (ite k!2 0 (+ 0 1))))
)
-----
(goals
(goal
  (>= y 0)
  (>= x 0)
  (= 0 (ite p x y))
  :precision precise :depth 1)
)
-----
(goals
(goal
  (>= y 0)
  (or p q)
  (= 0 (ite p x y))
  :precision precise :depth 1)
)
-----
(goals
(goal
  (>= x 0)
  (or p q)
  (= 0 (ite p x y))
  :precision precise :depth 1)
)
-----
