(+ (^ x 25)
   (* (- 31260) (^ x 20))
   (* 383062540 (^ x 15))
   (* (- 2590282000080) (^ x 10))
   (* 7334282001000080 (^ x 5))
   (- 9552011721875500032))
(factors
1
(+ (^ x 5) (- 15552))
(+ (^ x 20)
   (* (- 15708) (^ x 15))
   (* 138771724 (^ x 10))
   (* (- 432104148432) (^ x 5))
   614198284585616))
(factors
1
(+ (^ x 25)
   (* (- 31260) (^ x 20))
   (* 383062540 (^ x 15))
   (* (- 2590282000080) (^ x 10))
   (* 7334282001000080 (^ x 5))
   (- 9552011721875500032)))
(factors
-11
(+ (^ x 5) (- 15552))
(+ (^ x 20)
   (* (- 15708) (^ x 15))
   (* 138771724 (^ x 10))
   (* (- 432104148432) (^ x 5))
   614198284585616))
