(factors
1
(+ x 1)
(+ x (- 1)))
(factors
-2
(+ x 1)
(+ x (- 1)))
(factors
1
(+ (* (to_real (- 1)) (^ y 3)) (to_real x))
(+ (^ z 3) (to_real x) (to_real 2)))
(factors
1
(+ (^ y 3) (to_real x) (* (^ z 3) (to_real x)))
(+ (^ y 3) (to_real x) (to_real 2)))
(factors
-3
(+ (^ y 3) (to_real x) (* (^ z 3) (to_real x)))
(+ (^ y 3) (to_real x) (to_real 2)))
(factors
1
(+ (to_real (* 5 x z))
   (* (to_real (- 1)) (^ y 3))
   (to_real (* (- 5) x))
   (to_real 2))
(+ (* (to_real 3) (to_real x) (^ z 3))
   (* (to_real (- 1)) (^ y 3))
   (to_real (* 3 x))))
