(roots
(root-obj (+ x (- 1)) 1)
(root-obj (+ x (- 2)) 1))
(roots
(root-obj x 1)
(root-obj (+ x (- 1)) 1))
(roots
(root-obj (+ x 3) 1)
(root-obj (+ x 2) 1)
(root-obj (+ x 1) 1)
(root-obj (+ x (- 1)) 1)
(root-obj (+ x (- 3)) 1))
(roots
(root-obj (+ (* 10000 x) (- 31)) 1)
(root-obj (+ (* 625 x) (- 2)) 1)
(root-obj (+ (* 10000 x) (- 33)) 1))
(roots
(root-obj (+ (^ x 3) (^ x 2) (- 1)) 1)
(root-obj (+ (* 1000 x) (- 1167)) 1)
(root-obj (+ (^ x 5) (* (- 1) x) (- 1)) 1))
(roots
1
2)
(roots
0
1)
(roots
-3
-2
-1
1
3)
(roots
0.0031
0.0032
0.0033)
(roots
0.7548776662?
1.167
1.1673039782?)
