now: 5
(let ((a!1 (+ x_0
              x_1
              x_2
              x_3
              x_4
              x_5
              x_6
              x_7
              x_8
              x_9
              x_10
              x_11
              x_12
              x_13
              x_14
              x_15
              x_16
              x_17
              x_18
              x_19))
      (a!3 (+ y_0
              y_1
              y_2
              y_3
              y_4
              y_5
              y_6
              y_7
              y_8
              y_9
              y_10
              y_11
              y_12
              y_13
              y_14
              y_15
              y_16
              y_17
              y_18
              y_19)))
(let ((a!2 (>= a!1 0)) (a!4 (>= a!3 0)))
  (and a!2 a!4)))
(and (>= (+ x_0
            x_1
            x_2
            x_3
            x_4
            x_5
            x_6
            x_7
            x_8
            x_9...

(and (>= (+ x_0
            x_1
            x_2
            x_3
            x_4
            x_5
            x_6
            x_7
            x_8
            x_9
            x_10
            x_11
            x_12
            x_13
            x_14
            x_15
            x_16
            x_17
            x_18
            x_19)...

now: 300
