Simplify
:ite-extra-rules
:flat
:elim-and
:local-ctx
:local-ctx-limit
:blast-distinct
:som
:som-blowup
:hoist-mul
:hoist-cmul
:algebraic-number-evaluator
:mul-to-power
:expand-power
:expand-tan
:max-degree
:eq2ineq
:sort-sums
:gcd-rounding
:arith-lhs
:elim-to-real
:push-to-real
:elim-rem
:udiv2mul
:split-concat-eq
:bit2bool
:blast-eq-value
:elim-sign-ext
:hi-div0
:mul2concat
:mkbv2num
:expand-select-store
:sort-store
:max-memory
:max-steps
:push-ite-arith
:push-ite-bv
:pull-cheap-ite
:cache-all
Fixedpoint
:engine
:bit-blast
:default-table
:default-relation
:generate-explanations
:explanations-on-relation-level
:magic-sets-for-queries
:unbound-compressor
:similarity-compressor
:similarity-compressor-threshold
:all-or-nothing-deltas
:compile-with-widening
:eager-emptiness-checking
:default-table-checked
:initial-restart-timeout
:restart-timeout-quotient
:use-map-names
:output-profile
:output-tuples
:profile-timeout-milliseconds
:dbg-fpr-nonempty-relation-signature
:smt-relation-ground-recursive
:fix-unbound-vars
:default-table-checker
:inline-linear
:inline-linear-branch
:bfs-model-search
:use-farkas
:use-farkas-model
:use-precondition-generalizer
:use-multicore-generalizer
:use-farkas-properties
:use-inductive-generalizer
:use-interpolants
:dump-interpolants
:cache-mode
:inductive-reachability-check
:max-num-contexts
:try-minimize-core
:simplify-formulas-pre
:simplify-formulas-post
:slice
:generate-proof-trace
:timeout
