(goals
(goal
  (= x 0.0)
  (= y 0.0)
  (= z 0.0)
  (> (+ x y z) 2.0))
(goal
  (= x 0.0)
  (= y 0.0)
  (= z 1.0)
  (> (+ x y z) 2.0))
(goal
  (= x 0.0)
  (= y 1.0)
  (= z 0.0)
  (> (+ x y z) 2.0))
(goal
  (= x 0.0)
  (= y 1.0)
  (= z 1.0)
  (> (+ x y z) 2.0))
(goal
  (= x 1.0)
  (= y 0.0)
  (= z 0.0)
  (> (+ x y z) 2.0))
(goal
  (= x 1.0)
  (= y 0.0)
  (= z 1.0)
  (> (+ x y z) 2.0))
(goal
  (= x 1.0)
  (= y 1.0)
  (= z 0.0)
  (> (+ x y z) 2.0))
(goal
  (= x 1.0)
  (= y 1.0)
  (= z 1.0)
  (> (+ x y z) 2.0))
)
(goals
(goal
  (= x 0.0)
  (= y 0.0)
  (or (= z 0.0) (= z 1.0))
  (> (+ x y z) 2.0))
(goal
  (= x 0.0)
  (= y 1.0)
  (or (= z 0.0) (= z 1.0))
  (> (+ x y z) 2.0))
(goal
  (= x 1.0)
  (= y 0.0)
  (or (= z 0.0) (= z 1.0))
  (> (+ x y z) 2.0))
(goal
  (= x 1.0)
  (= y 1.0)
  (or (= z 0.0) (= z 1.0))
  (> (+ x y z) 2.0))
)
(goals
(goal)
)
