(declare-rel state ((_ BitVec 3) (_ BitVec 3) (_ BitVec 3) (_ BitVec 3) (_ BitVec 3) (_ BitVec 3) (_ BitVec 3) (_ BitVec 3) (_ BitVec 3) (_ BitVec 3) (_ BitVec 3) (_ BitVec 3) (_ BitVec 3)))
(declare-var A (_ BitVec 3))
(declare-var B (_ BitVec 3))
(declare-var C (_ BitVec 3))
(declare-var D (_ BitVec 3))
(declare-var E (_ BitVec 3))
(declare-var F (_ BitVec 3))
(declare-var G (_ BitVec 3))
(declare-var H (_ BitVec 3))
(declare-var I (_ BitVec 3))
(declare-var J (_ BitVec 3))
(declare-var K (_ BitVec 3))
(declare-var L (_ BitVec 3))
(rule (state #b000
       #b000
       #b000
       #b001
       #b001
       #b001
       #b100
       #b011
       #b011
       #b011
       #b000
       #b100
       #b001))
(rule (=> (and (state #b000 L K J I H G F E D C B A) (not (= L #b000)))
    (state #b001 L K J I H G F E D C B A)))
(rule (=> (and (state #b001 L K J I H G F E D C B A) (not (= B #b000)))
    (state #b010 L K J I H G F E D C B A)))
(rule (=> (and (state #b001 L K J I H G F E D C B A) (not (= J #b000)))
    (state #b000 L K J I H G F E D C B A)))
(rule (=> (and (state #b010 L K J I H G F E D C B A)
         (not (= K #b000))
         (not (= D #b000)))
    (state #b011 L K J I H G F E D C B A)))
(rule (=> (state #b010 L K J I H G F E D C B A) (state #b001 L K J I H G F E D C B A)))
(rule (=> (and (state #b011 L K J I H G F E D C B A) (not (= F #b000)))
    (state #b010 L K J I H G F E D C B A)))
(rule (=> (and (state L #b000 K J I H G F E D C B A)
         (not (= E #b010))
         (not (= E #b011)))
    (state L #b001 K J I H G F E D C B A)))
(rule (=> (and (state L #b001 K J I H G F E D C B A)
         (not (= L #b010))
         (not (= L #b001))
         (not (= L #b011)))
    (state L #b000 K J I H G F E D C B A)))
(rule (=> (and (state L #b001 K J I H G F E D C B A)
         (not (= C #b010))
         (not (= C #b011)))
    (state L #b010 K J I H G F E D C B A)))
(rule (=> (and (state L #b010 K J I H G F E D C B A)
         (not (= I #b010))
         (not (= I #b011)))
    (state L #b001 K J I H G F E D C B A)))
(rule (=> (and (state L #b010 K J I H G F E D C B A)
         (not (= A #b010))
         (not (= A #b001))
         (not (= A #b011)))
    (state L #b011 K J I H G F E D C B A)))
(rule (=> (and (state L #b011 K J I H G F E D C B A)
         (not (= G #b010))
         (not (= H #b011))
         (not (= H #b010))
         (not (= G #b011)))
    (state L #b010 K J I H G F E D C B A)))
(rule (=> (and (state L K #b000 J I H G F E D C B A)
         (not (= D #b001))
         (not (= G #b100))
         (not (= H #b100))
         (not (= D #b010)))
    (state L K #b001 J I H G F E D C B A)))
(rule (=> (and (state L K #b001 J I H G F E D C B A)
         (not (= L #b011))
         (not (= D #b000)))
    (state L K #b000 J I H G F E D C B A)))
(rule (=> (and (state L K #b001 J I H G F E D C B A)
         (not (= D #b010))
         (not (= E #b100))
         (not (= D #b011)))
    (state L K #b010 J I H G F E D C B A)))
(rule (=> (and (state L K #b010 J I H G F E D C B A)
         (not (= D #b000))
         (not (= I #b100))
         (not (= D #b001)))
    (state L K #b001 J I H G F E D C B A)))
(rule (=> (and (state L K #b010 J I H G F E D C B A)
         (not (= D #b100))
         (not (= D #b011))
         (not (= C #b100)))
    (state L K #b011 J I H G F E D C B A)))
(rule (=> (and (state L K #b011 J I H G F E D C B A)
         (not (= D #b001))
         (not (= G #b100))
         (not (= H #b100))
         (not (= D #b010)))
    (state L K #b010 J I H G F E D C B A)))
(rule (=> (and (state L K #b011 J I H G F E D C B A)
         (not (= D #b100))
         (not (= A #b011)))
    (state L K #b100 J I H G F E D C B A)))
(rule (=> (and (state L K #b100 J I H G F E D C B A)
         (not (= D #b010))
         (not (= E #b100))
         (not (= D #b011)))
    (state L K #b011 J I H G F E D C B A)))
(rule (=> (and (state L K J #b000 I H G F E D C B A)
         (not (= H #b000))
         (not (= G #b000)))
    (state L K J #b001 I H G F E D C B A)))
(rule (=> (and (state L K J #b001 I H G F E D C B A) (not (= L #b000)))
    (state L K J #b000 I H G F E D C B A)))
(rule (=> (and (state L K J #b001 I H G F E D C B A) (not (= E #b000)))
    (state L K J #b010 I H G F E D C B A)))
(rule (=> (and (state L K J #b010 I H G F E D C B A) (not (= I #b000)))
    (state L K J #b001 I H G F E D C B A)))
(rule (=> (and (state L K J #b010 I H G F E D C B A) (not (= C #b000)))
    (state L K J #b011 I H G F E D C B A)))
(rule (=> (and (state L K J #b011 I H G F E D C B A)
         (not (= H #b000))
         (not (= G #b000)))
    (state L K J #b010 I H G F E D C B A)))
(rule (=> (and (state L K J #b011 I H G F E D C B A) (not (= A #b000)))
    (state L K J #b100 I H G F E D C B A)))
(rule (=> (and (state L K J #b100 I H G F E D C B A) (not (= E #b000)))
    (state L K J #b011 I H G F E D C B A)))
(rule (=> (and (state L K J I #b000 H G F E D C B A)
         (not (= F #b000))
         (not (= F #b001)))
    (state L K J I #b001 H G F E D C B A)))
(rule (=> (and (state L K J I #b001 H G F E D C B A)
         (not (= K #b000))
         (not (= K #b001)))
    (state L K J I #b010 H G F E D C B A)))
(rule (=> (and (state L K J I #b001 H G F E D C B A)
         (not (= I #b000))
         (not (= I #b001)))
    (state L K J I #b000 H G F E D C B A)))
(rule (=> (and (state L K J I #b010 H G F E D C B A)
         (not (= B #b000))
         (not (= B #b001)))
    (state L K J I #b011 H G F E D C B A)))
(rule (=> (state L K J I #b010 H G F E D C B A) (state L K J I #b001 H G F E D C B A)))
(rule (=> (and (state L K J I #b011 H G F E D C B A)
         (not (= D #b000))
         (not (= J #b001))
         (not (= J #b000))
         (not (= D #b001)))
    (state L K J I #b100 H G F E D C B A)))
(rule (=> (and (state L K J I #b011 H G F E D C B A)
         (not (= F #b000))
         (not (= F #b001)))
    (state L K J I #b010 H G F E D C B A)))
(rule (=> (and (state L K J I #b100 H G F E D C B A)
         (not (= K #b000))
         (not (= K #b001)))
    (state L K J I #b011 H G F E D C B A)))
(rule (=> (and (state L K J I H #b000 G F E D C B A)
         (not (= F #b001))
         (not (= G #b010))
         (not (= G #b001))
         (not (= F #b010)))
    (state L K J I H #b001 G F E D C B A)))
(rule (=> (and (state L K J I H #b001 G F E D C B A)
         (not (= G #b010))
         (not (= K #b010))
         (not (= K #b001))
         (not (= K #b000))
         (not (= G #b011)))
    (state L K J I H #b010 G F E D C B A)))
(rule (=> (and (state L K J I H #b001 G F E D C B A)
         (not (= I #b010))
         (not (= I #b001))
         (not (= G #b000)))
    (state L K J I H #b000 G F E D C B A)))
(rule (=> (and (state L K J I H #b010 G F E D C B A)
         (not (= B #b001))
         (not (= G #b100))
         (not (= G #b011))
         (not (= B #b010)))
    (state L K J I H #b011 G F E D C B A)))
(rule (=> (and (state L K J I H #b010 G F E D C B A)
         (not (= G #b000))
         (not (= G #b001)))
    (state L K J I H #b001 G F E D C B A)))
(rule (=> (and (state L K J I H #b011 G F E D C B A)
         (not (= D #b001))
         (not (= G #b100))
         (not (= J #b010))
         (not (= J #b001))
         (not (= D #b010)))
    (state L K J I H #b100 G F E D C B A)))
(rule (=> (and (state L K J I H #b011 G F E D C B A)
         (not (= F #b001))
         (not (= G #b010))
         (not (= G #b001))
         (not (= F #b010)))
    (state L K J I H #b010 G F E D C B A)))
(rule (=> (and (state L K J I H #b100 G F E D C B A)
         (not (= G #b010))
         (not (= K #b010))
         (not (= K #b001))
         (not (= K #b000))
         (not (= G #b011)))
    (state L K J I H #b011 G F E D C B A)))
(rule (=> (and (state L K J I H G #b000 F E D C B A)
         (not (= F #b001))
         (not (= G #b010))
         (not (= G #b001))
         (not (= F #b010)))
    (state L K J I H G #b001 F E D C B A)))
(rule (=> (and (state L K J I H G #b001 F E D C B A)
         (not (= G #b010))
         (not (= K #b010))
         (not (= K #b001))
         (not (= K #b000))
         (not (= G #b011)))
    (state L K J I H G #b010 F E D C B A)))
(rule (=> (and (state L K J I H G #b001 F E D C B A)
         (not (= I #b010))
         (not (= I #b001))
         (not (= G #b000)))
    (state L K J I H G #b000 F E D C B A)))
(rule (=> (and (state L K J I H G #b010 F E D C B A)
         (not (= B #b001))
         (not (= G #b100))
         (not (= G #b011))
         (not (= B #b010)))
    (state L K J I H G #b011 F E D C B A)))
(rule (=> (and (state L K J I H G #b010 F E D C B A)
         (not (= G #b000))
         (not (= G #b001)))
    (state L K J I H G #b001 F E D C B A)))
(rule (=> (and (state L K J I H G #b011 F E D C B A)
         (not (= D #b001))
         (not (= G #b100))
         (not (= J #b010))
         (not (= J #b001))
         (not (= D #b010)))
    (state L K J I H G #b100 F E D C B A)))
(rule (=> (and (state L K J I H G #b011 F E D C B A)
         (not (= F #b001))
         (not (= G #b010))
         (not (= G #b001))
         (not (= F #b010)))
    (state L K J I H G #b010 F E D C B A)))
(rule (=> (and (state L K J I H G #b100 F E D C B A)
         (not (= G #b010))
         (not (= K #b010))
         (not (= K #b001))
         (not (= K #b000))
         (not (= G #b011)))
    (state L K J I H G #b011 F E D C B A)))
(rule (=> (and (state L K J I H G F #b000 E D C B A)
         (not (= F #b001))
         (not (= G #b010))
         (not (= G #b001))
         (not (= F #b010)))
    (state L K J I H G F #b001 E D C B A)))
(rule (=> (and (state L K J I H G F #b001 E D C B A)
         (not (= L #b001))
         (not (= L #b000))
         (not (= L #b010)))
    (state L K J I H G F #b000 E D C B A)))
(rule (=> (and (state L K J I H G F #b001 E D C B A)
         (not (= E #b001))
         (not (= E #b010)))
    (state L K J I H G F #b010 E D C B A)))
(rule (=> (and (state L K J I H G F #b010 E D C B A)
         (not (= H #b001))
         (not (= H #b010)))
    (state L K J I H G F #b001 E D C B A)))
(rule (=> (and (state L K J I H G F #b010 E D C B A)
         (not (= C #b001))
         (not (= C #b010)))
    (state L K J I H G F #b011 E D C B A)))
(rule (=> (and (state L K J I H G F #b011 E D C B A)
         (not (= F #b001))
         (not (= G #b010))
         (not (= G #b001))
         (not (= F #b010)))
    (state L K J I H G F #b010 E D C B A)))
(rule (=> (and (state L K J I H G F #b011 E D C B A)
         (not (= A #b001))
         (not (= A #b000))
         (not (= A #b010)))
    (state L K J I H G F #b100 E D C B A)))
(rule (=> (and (state L K J I H G F #b100 E D C B A)
         (not (= E #b001))
         (not (= E #b010)))
    (state L K J I H G F #b011 E D C B A)))
(rule (=> (and (state L K J I H G F E #b000 D C B A)
         (not (= E #b010))
         (not (= E #b011)))
    (state L K J I H G F E #b001 D C B A)))
(rule (=> (and (state L K J I H G F E #b001 D C B A)
         (not (= K #b010))
         (not (= K #b001))
         (not (= K #b011)))
    (state L K J I H G F E #b010 D C B A)))
(rule (=> (and (state L K J I H G F E #b001 D C B A)
         (not (= I #b010))
         (not (= I #b011)))
    (state L K J I H G F E #b000 D C B A)))
(rule (=> (and (state L K J I H G F E #b010 D C B A)
         (not (= B #b010))
         (not (= B #b011)))
    (state L K J I H G F E #b011 D C B A)))
(rule (=> (state L K J I H G F E #b010 D C B A) (state L K J I H G F E #b001 D C B A)))
(rule (=> (and (state L K J I H G F E #b011 D C B A)
         (not (= D #b010))
         (not (= J #b011))
         (not (= J #b010))
         (not (= D #b011)))
    (state L K J I H G F E #b100 D C B A)))
(rule (=> (and (state L K J I H G F E #b011 D C B A)
         (not (= E #b010))
         (not (= E #b011)))
    (state L K J I H G F E #b010 D C B A)))
(rule (=> (and (state L K J I H G F E #b100 D C B A)
         (not (= K #b010))
         (not (= K #b001))
         (not (= K #b011)))
    (state L K J I H G F E #b011 D C B A)))
(rule (=> (and (state L K J I H G F E D #b000 C B A)
         (not (= G #b100))
         (not (= J #b010))
         (not (= J #b001))
         (not (= F #b100)))
    (state L K J I H G F E D #b001 C B A)))
(rule (=> (and (state L K J I H G F E D #b001 C B A)
         (not (= L #b011))
         (not (= J #b000)))
    (state L K J I H G F E D #b000 C B A)))
(rule (=> (and (state L K J I H G F E D #b001 C B A)
         (not (= J #b011))
         (not (= J #b010))
         (not (= D #b100)))
    (state L K J I H G F E D #b010 C B A)))
(rule (=> (and (state L K J I H G F E D #b010 C B A)
         (not (= J #b001))
         (not (= J #b000))
         (not (= H #b100)))
    (state L K J I H G F E D #b001 C B A)))
(rule (=> (and (state L K J I H G F E D #b010 C B A)
         (not (= J #b100))
         (not (= J #b011))
         (not (= C #b100)))
    (state L K J I H G F E D #b011 C B A)))
(rule (=> (and (state L K J I H G F E D #b011 C B A)
         (not (= G #b100))
         (not (= J #b010))
         (not (= J #b001))
         (not (= F #b100)))
    (state L K J I H G F E D #b010 C B A)))
(rule (=> (and (state L K J I H G F E D #b011 C B A)
         (not (= J #b100))
         (not (= A #b011)))
    (state L K J I H G F E D #b100 C B A)))
(rule (=> (and (state L K J I H G F E D #b100 C B A)
         (not (= J #b011))
         (not (= J #b010))
         (not (= D #b100)))
    (state L K J I H G F E D #b011 C B A)))
(rule (=> (and (state L K J I H G F E D C #b000 B A)
         (not (= E #b011))
         (not (= E #b100)))
    (state L K J I H G F E D C #b001 B A)))
(rule (=> (and (state L K J I H G F E D C #b001 B A)
         (not (= K #b010))
         (not (= K #b011)))
    (state L K J I H G F E D C #b010 B A)))
(rule (=> (and (state L K J I H G F E D C #b001 B A)
         (not (= I #b011))
         (not (= I #b100)))
    (state L K J I H G F E D C #b000 B A)))
(rule (=> (and (state L K J I H G F E D C #b010 B A)
         (not (= B #b011))
         (not (= B #b100)))
    (state L K J I H G F E D C #b011 B A)))
(rule (=> (state L K J I H G F E D C #b010 B A) (state L K J I H G F E D C #b001 B A)))
(rule (=> (and (state L K J I H G F E D C #b011 B A)
         (not (= C #b011))
         (not (= J #b100))
         (not (= J #b011))
         (not (= C #b100)))
    (state L K J I H G F E D C #b100 B A)))
(rule (=> (and (state L K J I H G F E D C #b011 B A)
         (not (= E #b011))
         (not (= E #b100)))
    (state L K J I H G F E D C #b010 B A)))
(rule (=> (and (state L K J I H G F E D C #b100 B A)
         (not (= K #b010))
         (not (= K #b011)))
    (state L K J I H G F E D C #b011 B A)))
(rule (=> (and (state L K J I H G F E D C B #b000 A)
         (not (= F #b011))
         (not (= G #b100))
         (not (= G #b011))
         (not (= F #b100)))
    (state L K J I H G F E D C B #b001 A)))
(rule (=> (and (state L K J I H G F E D C B #b001 A)
         (not (= L #b010))
         (not (= L #b011)))
    (state L K J I H G F E D C B #b000 A)))
(rule (=> (and (state L K J I H G F E D C B #b001 A)
         (not (= D #b011))
         (not (= D #b100)))
    (state L K J I H G F E D C B #b010 A)))
(rule (=> (and (state L K J I H G F E D C B #b010 A)
         (not (= H #b011))
         (not (= H #b100)))
    (state L K J I H G F E D C B #b001 A)))
(rule (=> (and (state L K J I H G F E D C B #b010 A)
         (not (= B #b011))
         (not (= B #b100)))
    (state L K J I H G F E D C B #b011 A)))
(rule (=> (and (state L K J I H G F E D C B #b011 A)
         (not (= F #b011))
         (not (= G #b100))
         (not (= G #b011))
         (not (= F #b100)))
    (state L K J I H G F E D C B #b010 A)))
(rule (=> (and (state L K J I H G F E D C B #b011 A)
         (not (= A #b010))
         (not (= A #b011)))
    (state L K J I H G F E D C B #b100 A)))
(rule (=> (and (state L K J I H G F E D C B #b100 A)
         (not (= D #b011))
         (not (= D #b100)))
    (state L K J I H G F E D C B #b011 A)))
(rule (=> (and (state L K J I H G F E D C B A #b000) (not (= K #b011)))
    (state L K J I H G F E D C B A #b001)))
(rule (=> (and (state L K J I H G F E D C B A #b001) (not (= A #b100)))
    (state L K J I H G F E D C B A #b010)))
(rule (=> (and (state L K J I H G F E D C B A #b001) (not (= I #b100)))
    (state L K J I H G F E D C B A #b000)))
(rule (=> (and (state L K J I H G F E D C B A #b010)
         (not (= J #b100))
         (not (= C #b100)))
    (state L K J I H G F E D C B A #b011)))
(rule (=> (state L K J I H G F E D C B A #b010) (state L K J I H G F E D C B A #b001)))
(rule (=> (and (state L K J I H G F E D C B A #b011) (not (= E #b100)))
    (state L K J I H G F E D C B A #b010)))

query!0(#11,#10,#9,#8,#7,#6,#5,#4,#3,#2,#1,#0) :- 
 state(#11,#10,#9,#8,#7,#6,#5,bv4[3],#4,#3,#2,#1,#0).
red 3->4
red 2->3
red 1->2
purple 1->0
orange 1->0
light purple 2->3
light yellow 4->3
light purple 1->2
black 4->3
light purple 0->1
blue 3->2
dark green 3->4
brown 1->0
yellow 3->2
red 0->1
pink 1->0
lgreen 1->0
lgreen 2->1
lgreen 3->2
pink 0->1
red 1->0
yellow 2->3
yellow 1->2
yellow 0->1
brown 0->1
dark green 4->3
blue 2->3
light purple 1->0
lgreen 4->3
purple 0->1
red 2->1
light blue 2->3
light blue 1->2
blue 1->2
blue 0->1
light blue 0->1
red 1->2
purple 1->0
lgreen 3->4
purple 2->1
purple 3->2
red 2->1
light blue 1->0
purple 4->3
blue 1->0
yellow 1->0
yellow 2->1
blue 2->1
light blue 2->1
light blue 3->2
red 1->2
light purple 0->1
blue 3->2
dark green 3->4
brown 1->0
yellow 3->2
red 0->1
pink 1->0
lgreen 2->3
lgreen 1->2
lgreen 0->1
pink 0->1
red 1->0
yellow 2->3
yellow 1->2
brown 0->1
dark green 4->3
blue 2->3
red 2->1
light blue 2->3
light blue 1->2
blue 1->2
orange 0->1
red 3->2
pink 1->0
lgreen 1->0
yellow 0->1
blue 0->1
purple 3->4
light yellow 3->4
light purple 1->0
