
Unhandled Exception: Microsoft.Z3.Z3Exception: unknown parameter 'blah'
Legal parameters are:
  add_bound_lower (rational)
  add_bound_upper (rational)
  aig_per_assertion (bool)
  algebraic_number_evaluator (bool) (default: true)
  arith.branch_cut_ratio (unsigned int) (default: 2)
  arith.euclidean_solver (bool) (default: false)
  arith.ignore_int (bool) (default: false)
  arith.int_eq_branch (bool) (default: false)
  arith.nl (bool) (default: true)
  arith.nl.branching (bool) (default: true)
  arith.nl.gb (bool) (default: true)
  arith.nl.rounds (unsigned int) (default: 1024)
  arith.propagate_eqs (bool) (default: true)
  arith.propagation_mode (unsigned int) (default: 2)
  arith.random_initial_value (bool) (default: false)
  arith.solver (unsigned int) (default: 2)
  arith_lhs (bool) (default: false)
  array.extensional (bool) (default: true)
  array.weak (bool) (default: false)
  asymm_branch (bool) (default: true)
  asymm_branch.limit (unsigned int) (default: 100000000)
  asymm_branch.rounds (unsigned int) (default: 32)
  auto_config (bool) (default: true)
  bit2bool (bool) (default: true)
  blast_add (bool)
  blast_distinct (bool) (default: false)
  blast_distinct_threshold (unsigned int) (default: 4294967295)
  blast_eq_value (bool) (default: false)
  blast_full (bool)
  blast_mul (bool)
  blast_quant (bool)
  blocked_clause_limit (unsigned int) (default: 100000000)
  burst_search (unsigned int) (default: 100)
  bv.enable_int2bv (bool) (default: false)
  bv.reflect (bool) (default: true)
  bv_sort_ac (bool) (default: false)
  bvnot2arith (bool) (default: false)
  cache_all (bool) (default: false)
  candidate_models (bool)
  case_split (unsigned int) (default: 1)
  cofactor_equalities (bool)
  common_patterns (bool)
  complete (bool)
  delay_units (bool) (default: false)
  delay_units_threshold (unsigned int) (default: 32)
  distributivity (bool)
  distributivity_blowup (unsigned int)
  dyn_sub_res (bool) (default: true)
  elim_and (bool) (default: false)
  elim_blocked_clauses (bool) (default: false)
  elim_blocked_clauses_at (unsigned int) (default: 2)
  elim_inverses (bool)
  elim_rem (bool) (default: false)
  elim_root_objects (bool)
  elim_sign_ext (bool) (default: true)
  elim_to_real (bool) (default: false)
  eliminate_variables_as_block (bool)
  ematching (bool) (default: true)
  eq2ineq (bool) (default: false)
  expand_power (bool) (default: false)
  expand_select_store (bool) (default: false)
  expand_store_eq (bool) (default: false)
  expand_tan (bool) (default: false)
  extrapolate_strategy (unsigned int)
  factor (bool)
  factor_max_prime (unsigned int) (default: 31)
  factor_num_primes (unsigned int) (default: 1)
  factor_search_size (unsigned int) (default: 5000)
  fail_if_inconclusive (bool)
  flat (bool) (default: true)
  gc (symbol) (default: glue_psm)
  gc.increment (unsigned int) (default: 500)
  gc.initial (unsigned int) (default: 20000)
  gc.k (unsigned int) (default: 7)
  gc.small_lbd (unsigned int) (default: 3)
  gcd_rounding (bool) (default: false)
  hi_div0 (bool) (default: true)
  hoist_cmul (bool) (default: false)
  hoist_mul (bool) (default: false)
  ignore_labels (bool) (default: false)
  ignore_solver1 (bool) (default: false)
  ite_chaing (bool)
  ite_extra (bool)
  ite_extra_rules (bool) (default: false)
  ite_solver (bool)
  lazy (unsigned int) (default: 0)
  learned (bool)
  lia2pb_max_bits (unsigned int)
  lia2pb_partial (bool)
  lia2pb_total_bits (unsigned int)
  local_ctx (bool) (default: false)
  local_ctx_limit (unsigned int) (default: 4294967295)
  macro_finder (bool) (default: false)
  max_args (unsigned int)
  max_conflicts (unsigned int) (default: 4294967295)
  max_degree (unsigned int) (default: 64)
  max_depth (unsigned int)
  max_memory (unsigned int) (default: 4294967295)
  max_prime (unsigned int)
  max_rounds (unsigned int)
  max_search_size (unsigned int)
  max_steps (unsigned int) (default: 4294967295)
  mbqi (bool) (default: true)
  mbqi.force_template (unsigned int) (default: 10)
  mbqi.id (string) (default: )
  mbqi.max_cexs (unsigned int) (default: 1)
  mbqi.max_cexs_incr (unsigned int) (default: 0)
  mbqi.max_iterations (unsigned int) (default: 1000)
  mbqi.trace (bool) (default: false)
  min_mag (unsigned int) (default: 16)
  minimize_conflicts (bool) (default: false)
  minimize_lemmas (bool) (default: true)
  mkbv2num (bool)
  mode (symbol) (default: skolem)
  model (bool) (default: true)
  mul2concat (bool) (default: false)
  mul_to_power (bool) (default: false)
  nla2bv_bv_size (unsigned int)
  nla2bv_divisor (unsigned int)
  nla2bv_max_bv_size (unsigned int)
  nla2bv_root (unsigned int)
  norm_int_only (bool)
  num_primes (unsigned int)
  pb2bv_all_clauses_limit (unsigned int)
  pb2bv_cardinality_limit (unsigned int)
  phase (symbol) (default: caching)
  phase.caching.off (unsigned int) (default: 100)
  phase.caching.on (unsigned int) (default: 400)
  phase_selection (unsigned int) (default: 3)
  produce_models (bool)
  projection_mode (bool)
  proof (bool) (default: false)
  pull_cheap_ite (bool) (default: false)
  pull_nested_quantifiers (bool) (default: false)
  push_ite_arith (bool) (default: false)
  push_ite_bv (bool) (default: false)
  push_to_real (bool) (default: true)
  qe_nonlinear (bool)
  qi.cost (string) (default: (+ weight generation))
  qi.eager_threshold (double) (default: 10.0)
  qi.lazy_threshold (double) (default: 20.0)
  qi.max_instances (unsigned int) (default: 4294967295)
  qi.max_multi_patterns (unsigned int) (default: 0)
  qi.profile (bool) (default: false)
  qi.profile_freq (unsigned int) (default: 4294967295)
  random_freq (double) (default: 0.01)
  random_seed (unsigned int) (default: 0)
  randomize (bool) (default: true)
  refine_inj_axioms (bool) (default: true)
  relevancy (unsigned int) (default: 2)
  reorder (bool) (default: true)
  resolution (bool) (default: true)
  resolution.cls_cutoff1 (unsigned int) (default: 100000000)
  resolution.cls_cutoff2 (unsigned int) (default: 700000000)
  resolution.limit (unsigned int) (default: 500000000)
  resolution.lit_cutoff_range1 (unsigned int) (default: 700)
  resolution.lit_cutoff_range2 (unsigned int) (default: 400)
  resolution.lit_cutoff_range3 (unsigned int) (default: 300)
  resolution.occ_cutoff (unsigned int) (default: 10)
  resolution.occ_cutoff_range1 (unsigned int) (default: 8)
  resolution.occ_cutoff_range2 (unsigned int) (default: 5)
  resolution.occ_cutoff_range3 (unsigned int) (default: 3)
  restart (symbol) (default: luby)
  restart.factor (double) (default: 1.5)
  restart.initial (unsigned int) (default: 100)
  restart_factor (double) (default: 1.1)
  restart_strategy (unsigned int) (default: 1)
  scc (bool) (default: true)
  seed (unsigned int) (default: 0)
  shuffle_vars (bool) (default: false)
  simplify_conflicts (bool) (default: true)
  sk_hack (bool) (default: false)
  skolemize (bool) (default: true)
  soft_timeout (unsigned int) (default: 0)
  solve_eqs_max_occs (unsigned int)
  solver2_timeout (unsigned int) (default: 4294967295)
  solver2_unknown (unsigned int) (default: 1)
  som (bool) (default: false)
  som_blowup (unsigned int) (default: 4294967295)
  sort_store (bool) (default: false)
  sort_sums (bool) (default: false)
  split_concat_eq (bool) (default: false)
  split_factors (bool)
  strong_context_simplify (bool)
  strong_context_simplify_local (bool)
  subsumption (bool) (default: true)
  subsumption.limit (unsigned int) (default: 100000000)
  theory_solver (bool)
  udiv2mul (bool) (default: false)
  unsat_core (bool) (default: false)
  zero_accuracy (unsigned int) (default: 0)

   at Microsoft.Z3.Native.Z3_solver_check(IntPtr a0, IntPtr a1)
   at Microsoft.Z3.Solver.Check(Expr[] assumptions)
   at Test.Main()
