
Unhandled Exception: Microsoft.Z3.Z3Exception: unknown parameter 'blah'
Legal parameters are:
  arith.branch_cut_ratio (unsigned int) (default: 2)
  arith.euclidean_solver (bool) (default: false)
  arith.ignore_int (bool) (default: false)
  arith.int_eq_branch (bool) (default: false)
  arith.nl (bool) (default: true)
  arith.nl.branching (bool) (default: true)
  arith.nl.gb (bool) (default: true)
  arith.nl.rounds (unsigned int) (default: 1024)
  arith.propagate_eqs (bool) (default: true)
  arith.propagation_mode (unsigned int) (default: 2)
  arith.random_initial_value (bool) (default: false)
  arith.solver (unsigned int) (default: 2)
  array.extensional (bool) (default: true)
  array.weak (bool) (default: false)
  auto_config (bool) (default: true)
  bv.enable_int2bv (bool) (default: false)
  bv.reflect (bool) (default: true)
  candidate_models (bool)
  case_split (unsigned int) (default: 1)
  delay_units (bool) (default: false)
  delay_units_threshold (unsigned int) (default: 32)
  ematching (bool) (default: true)
  fail_if_inconclusive (bool)
  macro_finder (bool) (default: false)
  mbqi (bool) (default: true)
  mbqi.force_template (unsigned int) (default: 10)
  mbqi.id (string) (default: )
  mbqi.max_cexs (unsigned int) (default: 1)
  mbqi.max_cexs_incr (unsigned int) (default: 0)
  mbqi.max_iterations (unsigned int) (default: 1000)
  mbqi.trace (bool) (default: false)
  phase_selection (unsigned int) (default: 3)
  pull_nested_quantifiers (bool) (default: false)
  qi.cost (string) (default: (+ weight generation))
  qi.eager_threshold (double) (default: 10.0)
  qi.lazy_threshold (double) (default: 20.0)
  qi.max_instances (unsigned int) (default: 4294967295)
  qi.max_multi_patterns (unsigned int) (default: 0)
  qi.profile (bool) (default: false)
  qi.profile_freq (unsigned int) (default: 4294967295)
  random_seed (unsigned int) (default: 0)
  refine_inj_axioms (bool) (default: true)
  relevancy (unsigned int) (default: 2)
  restart_factor (double) (default: 1.1)
  restart_strategy (unsigned int) (default: 1)
  soft_timeout (unsigned int) (default: 0)

   at Microsoft.Z3.Native.Z3_tactic_using_params(IntPtr a0, IntPtr a1, IntPtr a2)
   at Microsoft.Z3.Context.UsingParams(Tactic t, Params p)
   at Test.Main()
