(goals
(goal
  (forall ((x Int) (y Real))
    (exists ((x!3 Int) (x!4 Int) (x!5 Real))
      (and (= x (+ (* 3 x!3) x!4))
           (<= 0 x!4)
           (not (<= 3 x!4))
           (or (= a 0.0) (= (* a x!5) y))
           (or (not (= a 0.0)) (= x!5 (/ y 0.0)))
           (or (not (= x!4 0)) (= x!5 0.0)))))
  :precision precise :depth 4)
)
(goals
(goal
  (forall ((x Int))
    (exists ((x!2 Int) (x!3 Int))
      (and (= x (+ (* 3 x!2) x!3)) (<= 0 x!3) (not (<= 3 x!3)) (= x!3 0))))
  :precision precise :depth 4)
)
(goals
(goal
  (forall ((x Int)) (<= (+ (* 3 x x) x) 2))
  :precision precise :depth 4)
)
(goals
(goal
  (= k!0 0.0)
  (or (= b 0.0) (= (* k!0 b) a))
  (or (not (= b 0.0)) (= k!0 (/ a 0.0)))
  :precision precise :depth 4)
)
