success
success
(error "line 4 column 21: logic does not support integers")
success
(error "line 6 column 19: unknown sort 'List'")
(error "line 7 column 19: unknown sort 'Array'")
(error "line 8 column 26: logic does not support uninterpreted functions")
success
(error "line 11 column 22: logic only supports difference arithmetic")
success
success
success
success
success
(error "line 17 column 36: logic only supports difference arithmetic")
(error "line 18 column 34: logic only supports difference arithmetic")
success
success
success
success
success
(error "line 24 column 28: logic does not support nonlinear arithmetic")
(error "line 25 column 21: logic does not support nonlinear arithmetic")
(error "line 27 column 21: unknown sort 'BitVec'")
success
success
(error "line 32 column 32: logic does not support casting operators")
